nohup: ignoring input
Starting primality test...
Processed up to 1000000 numbers
Processed up to 2000000 numbers
Processed up to 3000000 numbers
Processed up to 4000000 numbers
Processed up to 5000000 numbers
Processed up to 6000000 numbers
Processed up to 7000000 numbers
Processed up to 8000000 numbers
Processed up to 9000000 numbers
Processed up to 10000000 numbers
Processed up to 11000000 numbers
Processed up to 12000000 numbers
Processed up to 13000000 numbers
Processed up to 14000000 numbers
Processed up to 15000000 numbers
Processed up to 16000000 numbers
Processed up to 17000000 numbers
Processed up to 18000000 numbers
Processed up to 19000000 numbers
Processed up to 20000000 numbers
Processed up to 21000000 numbers
Processed up to 22000000 numbers
Processed up to 23000000 numbers
Processed up to 24000000 numbers
Processed up to 25000000 numbers
Processed up to 26000000 numbers
Processed up to 27000000 numbers
Processed up to 28000000 numbers
Processed up to 29000000 numbers
Processed up to 30000000 numbers
Processed up to 31000000 numbers
Processed up to 32000000 numbers
Processed up to 33000000 numbers
Processed up to 34000000 numbers
Processed up to 35000000 numbers
Processed up to 36000000 numbers
Processed up to 37000000 numbers
Processed up to 38000000 numbers
Processed up to 39000000 numbers
Processed up to 40000000 numbers
Processed up to 41000000 numbers
Processed up to 42000000 numbers
Processed up to 43000000 numbers
Processed up to 44000000 numbers
Processed up to 45000000 numbers
Processed up to 46000000 numbers
Processed up to 47000000 numbers
Processed up to 48000000 numbers
Processed up to 49000000 numbers
Processed up to 50000000 numbers
Processed up to 51000000 numbers
Processed up to 52000000 numbers
Processed up to 53000000 numbers
Processed up to 54000000 numbers
Processed up to 55000000 numbers
Processed up to 56000000 numbers
Processed up to 57000000 numbers
Processed up to 58000000 numbers
Processed up to 59000000 numbers
Processed up to 60000000 numbers
Processed up to 61000000 numbers
Processed up to 62000000 numbers
Processed up to 63000000 numbers
Processed up to 64000000 numbers
Processed up to 65000000 numbers
Processed up to 66000000 numbers
Processed up to 67000000 numbers
Processed up to 68000000 numbers
Processed up to 69000000 numbers
Processed up to 70000000 numbers
Processed up to 71000000 numbers
Processed up to 72000000 numbers
Processed up to 73000000 numbers
Processed up to 74000000 numbers
Processed up to 75000000 numbers
Processed up to 76000000 numbers
Processed up to 77000000 numbers
Processed up to 78000000 numbers
Processed up to 79000000 numbers
Processed up to 80000000 numbers
Processed up to 81000000 numbers
Processed up to 82000000 numbers
Processed up to 83000000 numbers
Processed up to 84000000 numbers
Processed up to 85000000 numbers
Processed up to 86000000 numbers
Processed up to 87000000 numbers
Processed up to 88000000 numbers
Processed up to 89000000 numbers
Processed up to 90000000 numbers
Processed up to 91000000 numbers
Processed up to 92000000 numbers
Processed up to 93000000 numbers
Processed up to 94000000 numbers
Processed up to 95000000 numbers
Processed up to 96000000 numbers
Processed up to 97000000 numbers
Processed up to 98000000 numbers
Processed up to 99000000 numbers
Processed up to 100000000 numbers
Primality test completed.
Total time taken: 6.81819 hours
