nohup: ignoring input
Processed 1000 numbers so far...
Processed 2000 numbers so far...
Processed 3000 numbers so far...
Processed 4000 numbers so far...
Processed 5000 numbers so far...
Processed 6000 numbers so far...
Processed 7000 numbers so far...
Processed 8000 numbers so far...
Processed 9000 numbers so far...
Processed 10000 numbers so far...
Processed 11000 numbers so far...
Processed 12000 numbers so far...
Processed 13000 numbers so far...
Processed 14000 numbers so far...
Processed 15000 numbers so far...
Processed 16000 numbers so far...
Processed 17000 numbers so far...
Processed 18000 numbers so far...
Processed 19000 numbers so far...
Processed 20000 numbers so far...
Processed 21000 numbers so far...
Processed 22000 numbers so far...
Processed 23000 numbers so far...
Processed 24000 numbers so far...
Processed 25000 numbers so far...
Processed 26000 numbers so far...
Processed 27000 numbers so far...
Processed 28000 numbers so far...
Processed 29000 numbers so far...
Processed 30000 numbers so far...
Processed 31000 numbers so far...
Processed 32000 numbers so far...
Processed 33000 numbers so far...
Processed 34000 numbers so far...
Processed 35000 numbers so far...
Processed 36000 numbers so far...
Processed 37000 numbers so far...
Processed 38000 numbers so far...
Processed 39000 numbers so far...
Processed 40000 numbers so far...
Processed 41000 numbers so far...
Processed 42000 numbers so far...
Processed 43000 numbers so far...
Processed 44000 numbers so far...
Processed 45000 numbers so far...
Processed 46000 numbers so far...
Processed 47000 numbers so far...
Processed 48000 numbers so far...
Processed 49000 numbers so far...
Processed 50000 numbers so far...
Processed 51000 numbers so far...
Processed 52000 numbers so far...
Processed 53000 numbers so far...
Processed 54000 numbers so far...
Processed 55000 numbers so far...
Processed 56000 numbers so far...
Processed 57000 numbers so far...
Processed 58000 numbers so far...
Processed 59000 numbers so far...
Processed 60000 numbers so far...
Processed 61000 numbers so far...
Processed 62000 numbers so far...
Processed 63000 numbers so far...
Processed 64000 numbers so far...
Processed 65000 numbers so far...
Processed 66000 numbers so far...
Processed 67000 numbers so far...
Processed 68000 numbers so far...
Processed 69000 numbers so far...
Processed 70000 numbers so far...
Processed 71000 numbers so far...
Processed 72000 numbers so far...
Processed 73000 numbers so far...
Processed 74000 numbers so far...
Processed 75000 numbers so far...
Processed 76000 numbers so far...
Processed 77000 numbers so far...
Processed 78000 numbers so far...
Processed 79000 numbers so far...
Processed 80000 numbers so far...
Processed 81000 numbers so far...
Processed 82000 numbers so far...
Processed 83000 numbers so far...
Processed 84000 numbers so far...
Processed 85000 numbers so far...
Processed 86000 numbers so far...
Processed 87000 numbers so far...
Processed 88000 numbers so far...
Processed 89000 numbers so far...
Processed 90000 numbers so far...
Processed 91000 numbers so far...
Processed 92000 numbers so far...
Processed 93000 numbers so far...
Processed 94000 numbers so far...
Processed 95000 numbers so far...
Processed 96000 numbers so far...
Processed 97000 numbers so far...
Processed 98000 numbers so far...
Processed 99000 numbers so far...
Processed 100000 numbers so far...
Processed 101000 numbers so far...
Processed 102000 numbers so far...
Processed 103000 numbers so far...
Processed 104000 numbers so far...
Processed 105000 numbers so far...
Processed 106000 numbers so far...
Processed 107000 numbers so far...
Processed 108000 numbers so far...
Processed 109000 numbers so far...
Processed 110000 numbers so far...
Processed 111000 numbers so far...
Processed 112000 numbers so far...
Processed 113000 numbers so far...
Processed 114000 numbers so far...
Processed 115000 numbers so far...
Processed 116000 numbers so far...
Processed 117000 numbers so far...
Processed 118000 numbers so far...
Processed 119000 numbers so far...
Processed 120000 numbers so far...
Processed 121000 numbers so far...
Processed 122000 numbers so far...
Processed 123000 numbers so far...
Processed 124000 numbers so far...
Processed 125000 numbers so far...
Processed 126000 numbers so far...
Processed 127000 numbers so far...
Processed 128000 numbers so far...
Processed 129000 numbers so far...
Processed 130000 numbers so far...
Processed 131000 numbers so far...
Processed 132000 numbers so far...
Processed 133000 numbers so far...
Processed 134000 numbers so far...
Processed 135000 numbers so far...
Processed 136000 numbers so far...
Processed 137000 numbers so far...
Processed 138000 numbers so far...
Processed 139000 numbers so far...
Processed 140000 numbers so far...
Processed 141000 numbers so far...
Processed 142000 numbers so far...
Processed 143000 numbers so far...
Processed 144000 numbers so far...
Processed 145000 numbers so far...
Processed 146000 numbers so far...
Processed 147000 numbers so far...
Processed 148000 numbers so far...
Processed 149000 numbers so far...
Processed 150000 numbers so far...
Processed 151000 numbers so far...
Processed 152000 numbers so far...
Processed 153000 numbers so far...
Processed 154000 numbers so far...
Processed 155000 numbers so far...
Processed 156000 numbers so far...
Processed 157000 numbers so far...
Processed 158000 numbers so far...
Processed 159000 numbers so far...
Processed 160000 numbers so far...
Processed 161000 numbers so far...
Processed 162000 numbers so far...
Processed 163000 numbers so far...
Processed 164000 numbers so far...
Processed 165000 numbers so far...
Processed 166000 numbers so far...
Processed 167000 numbers so far...
Processed 168000 numbers so far...
Processed 169000 numbers so far...
Processed 170000 numbers so far...
Processed 171000 numbers so far...
Processed 172000 numbers so far...
Processed 173000 numbers so far...
Processed 174000 numbers so far...
Processed 175000 numbers so far...
Processed 176000 numbers so far...
Processed 177000 numbers so far...
Processed 178000 numbers so far...
Processed 179000 numbers so far...
Processed 180000 numbers so far...
Processed 181000 numbers so far...
Processed 182000 numbers so far...
Processed 183000 numbers so far...
Processed 184000 numbers so far...
Processed 185000 numbers so far...
Processed 186000 numbers so far...
Processed 187000 numbers so far...
Processed 188000 numbers so far...
Processed 189000 numbers so far...
Processed 190000 numbers so far...
Processed 191000 numbers so far...
Processed 192000 numbers so far...
Processed 193000 numbers so far...
Processed 194000 numbers so far...
Processed 195000 numbers so far...
Processed 196000 numbers so far...
Processed 197000 numbers so far...
Processed 198000 numbers so far...
Processed 199000 numbers so far...
Processed 200000 numbers so far...
Processed 201000 numbers so far...
Processed 202000 numbers so far...
Processed 203000 numbers so far...
Processed 204000 numbers so far...
Processed 205000 numbers so far...
Processed 206000 numbers so far...
Processed 207000 numbers so far...
Processed 208000 numbers so far...
Processed 209000 numbers so far...
Processed 210000 numbers so far...
Processed 211000 numbers so far...
Processed 212000 numbers so far...
Processed 213000 numbers so far...
Processed 214000 numbers so far...
Processed 215000 numbers so far...
Processed 216000 numbers so far...
Processed 217000 numbers so far...
Processed 218000 numbers so far...
Processed 219000 numbers so far...
Processed 220000 numbers so far...
Processed 221000 numbers so far...
Processed 222000 numbers so far...
Processed 223000 numbers so far...
Processed 224000 numbers so far...
Processed 225000 numbers so far...
Processed 226000 numbers so far...
Processed 227000 numbers so far...
Processed 228000 numbers so far...
Processed 229000 numbers so far...
Processed 230000 numbers so far...
Processed 231000 numbers so far...
Processed 232000 numbers so far...
Processed 233000 numbers so far...
Processed 234000 numbers so far...
Processed 235000 numbers so far...
Processed 236000 numbers so far...
Processed 237000 numbers so far...
Processed 238000 numbers so far...
Processed 239000 numbers so far...
Processed 240000 numbers so far...
Processed 241000 numbers so far...
Processed 242000 numbers so far...
Processed 243000 numbers so far...
Processed 244000 numbers so far...
Processed 245000 numbers so far...
Processed 246000 numbers so far...
Processed 247000 numbers so far...
Processed 248000 numbers so far...
Processed 249000 numbers so far...
Processed 250000 numbers so far...
Processed 251000 numbers so far...
Processed 252000 numbers so far...
Processed 253000 numbers so far...
Processed 254000 numbers so far...
Processed 255000 numbers so far...
Processed 256000 numbers so far...
Processed 257000 numbers so far...
Processed 258000 numbers so far...
Processed 259000 numbers so far...
Processed 260000 numbers so far...
Processed 261000 numbers so far...
Processed 262000 numbers so far...
Processed 263000 numbers so far...
Processed 264000 numbers so far...
Processed 265000 numbers so far...
Processed 266000 numbers so far...
Processed 267000 numbers so far...
Processed 268000 numbers so far...
Processed 269000 numbers so far...
Processed 270000 numbers so far...
Processed 271000 numbers so far...
Processed 272000 numbers so far...
Processed 273000 numbers so far...
Processed 274000 numbers so far...
Processed 275000 numbers so far...
Processed 276000 numbers so far...
Processed 277000 numbers so far...
Processed 278000 numbers so far...
Processed 279000 numbers so far...
Processed 280000 numbers so far...
Processed 281000 numbers so far...
Processed 282000 numbers so far...
Processed 283000 numbers so far...
Processed 284000 numbers so far...
Processed 285000 numbers so far...
Processed 286000 numbers so far...
Processed 287000 numbers so far...
Processed 288000 numbers so far...
Processed 289000 numbers so far...
Processed 290000 numbers so far...
Processed 291000 numbers so far...
Processed 292000 numbers so far...
Processed 293000 numbers so far...
Processed 294000 numbers so far...
Processed 295000 numbers so far...
Processed 296000 numbers so far...
Processed 297000 numbers so far...
Processed 298000 numbers so far...
Processed 299000 numbers so far...
Processed 300000 numbers so far...
Processed 301000 numbers so far...
Processed 302000 numbers so far...
Processed 303000 numbers so far...
Processed 304000 numbers so far...
Processed 305000 numbers so far...
Processed 306000 numbers so far...
Processed 307000 numbers so far...
Processed 308000 numbers so far...
Processed 309000 numbers so far...
Processed 310000 numbers so far...
Processed 311000 numbers so far...
Processed 312000 numbers so far...
Processed 313000 numbers so far...
Processed 314000 numbers so far...
Processed 315000 numbers so far...
Processed 316000 numbers so far...
Processed 317000 numbers so far...
Processed 318000 numbers so far...
Processed 319000 numbers so far...
Processed 320000 numbers so far...
Processed 321000 numbers so far...
Processed 322000 numbers so far...
Processed 323000 numbers so far...
Processed 324000 numbers so far...
Processed 325000 numbers so far...
Processed 326000 numbers so far...
Processed 327000 numbers so far...
Processed 328000 numbers so far...
Processed 329000 numbers so far...
Processed 330000 numbers so far...
Processed 331000 numbers so far...
Processed 332000 numbers so far...
Processed 333000 numbers so far...
Processed 334000 numbers so far...
Processed 335000 numbers so far...
Processed 336000 numbers so far...
Processed 337000 numbers so far...
Processed 338000 numbers so far...
Processed 339000 numbers so far...
Processed 340000 numbers so far...
Processed 341000 numbers so far...
Processed 342000 numbers so far...
Processed 343000 numbers so far...
Processed 344000 numbers so far...
Processed 345000 numbers so far...
Processed 346000 numbers so far...
Processed 347000 numbers so far...
Processed 348000 numbers so far...
Processed 349000 numbers so far...
Processed 350000 numbers so far...
Processed 351000 numbers so far...
Processed 352000 numbers so far...
Processed 353000 numbers so far...
Processed 354000 numbers so far...
Processed 355000 numbers so far...
Processed 356000 numbers so far...
Processed 357000 numbers so far...
Processed 358000 numbers so far...
Processed 359000 numbers so far...
Processed 360000 numbers so far...
Processed 361000 numbers so far...
Processed 362000 numbers so far...
Processed 363000 numbers so far...
Processed 364000 numbers so far...
Processed 365000 numbers so far...
Processed 366000 numbers so far...
Processed 367000 numbers so far...
Processed 368000 numbers so far...
Processed 369000 numbers so far...
Processed 370000 numbers so far...
Processed 371000 numbers so far...
Processed 372000 numbers so far...
Processed 373000 numbers so far...
Processed 374000 numbers so far...
Processed 375000 numbers so far...
Processed 376000 numbers so far...
Processed 377000 numbers so far...
Processed 378000 numbers so far...
Processed 379000 numbers so far...
Processed 380000 numbers so far...
Processed 381000 numbers so far...
Processed 382000 numbers so far...
Processed 383000 numbers so far...
Processed 384000 numbers so far...
Processed 385000 numbers so far...
Processed 386000 numbers so far...
Processed 387000 numbers so far...
Processed 388000 numbers so far...
Processed 389000 numbers so far...
Processed 390000 numbers so far...
Processed 391000 numbers so far...
Processed 392000 numbers so far...
Processed 393000 numbers so far...
Processed 394000 numbers so far...
Processed 395000 numbers so far...
Processed 396000 numbers so far...
Processed 397000 numbers so far...
Processed 398000 numbers so far...
Processed 399000 numbers so far...
Processed 400000 numbers so far...
Processed 401000 numbers so far...
Processed 402000 numbers so far...
Processed 403000 numbers so far...
Processed 404000 numbers so far...
Processed 405000 numbers so far...
Processed 406000 numbers so far...
Processed 407000 numbers so far...
Processed 408000 numbers so far...
Processed 409000 numbers so far...
Processed 410000 numbers so far...
Processed 411000 numbers so far...
Processed 412000 numbers so far...
Processed 413000 numbers so far...
Processed 414000 numbers so far...
Processed 415000 numbers so far...
Processed 416000 numbers so far...
Processed 417000 numbers so far...
Processed 418000 numbers so far...
Processed 419000 numbers so far...
Processed 420000 numbers so far...
Processed 421000 numbers so far...
Processed 422000 numbers so far...
Processed 423000 numbers so far...
Processed 424000 numbers so far...
Processed 425000 numbers so far...
Processed 426000 numbers so far...
Processed 427000 numbers so far...
Processed 428000 numbers so far...
Processed 429000 numbers so far...
Processed 430000 numbers so far...
Processed 431000 numbers so far...
Processed 432000 numbers so far...
Processed 433000 numbers so far...
Processed 434000 numbers so far...
Processed 435000 numbers so far...
Processed 436000 numbers so far...
Processed 437000 numbers so far...
Processed 438000 numbers so far...
Processed 439000 numbers so far...
Processed 440000 numbers so far...
Processed 441000 numbers so far...
Processed 442000 numbers so far...
Processed 443000 numbers so far...
Processed 444000 numbers so far...
Processed 445000 numbers so far...
Processed 446000 numbers so far...
Processed 447000 numbers so far...
Processed 448000 numbers so far...
Processed 449000 numbers so far...
Processed 450000 numbers so far...
Processed 451000 numbers so far...
Processed 452000 numbers so far...
Processed 453000 numbers so far...
Processed 454000 numbers so far...
Processed 455000 numbers so far...
Processed 456000 numbers so far...
Processed 457000 numbers so far...
Processed 458000 numbers so far...
Processed 459000 numbers so far...
Processed 460000 numbers so far...
Processed 461000 numbers so far...
Processed 462000 numbers so far...
Processed 463000 numbers so far...
Processed 464000 numbers so far...
Processed 465000 numbers so far...
Processed 466000 numbers so far...
Processed 467000 numbers so far...
Processed 468000 numbers so far...
Processed 469000 numbers so far...
Processed 470000 numbers so far...
Processed 471000 numbers so far...
Processed 472000 numbers so far...
Processed 473000 numbers so far...
Processed 474000 numbers so far...
Processed 475000 numbers so far...
Processed 476000 numbers so far...
Processed 477000 numbers so far...
Processed 478000 numbers so far...
Processed 479000 numbers so far...
Processed 480000 numbers so far...
Processed 481000 numbers so far...
Processed 482000 numbers so far...
Processed 483000 numbers so far...
Processed 484000 numbers so far...
Processed 485000 numbers so far...
Processed 486000 numbers so far...
Processed 487000 numbers so far...
Processed 488000 numbers so far...
Processed 489000 numbers so far...
Processed 490000 numbers so far...
Processed 491000 numbers so far...
Processed 492000 numbers so far...
Processed 493000 numbers so far...
Processed 494000 numbers so far...
Processed 495000 numbers so far...
Processed 496000 numbers so far...
Processed 497000 numbers so far...
Processed 498000 numbers so far...
Processed 499000 numbers so far...
Processed 500000 numbers so far...
Processed 501000 numbers so far...
Processed 502000 numbers so far...
Processed 503000 numbers so far...
Processed 504000 numbers so far...
Processed 505000 numbers so far...
Processed 506000 numbers so far...
Processed 507000 numbers so far...
Processed 508000 numbers so far...
Processed 509000 numbers so far...
Processed 510000 numbers so far...
Processed 511000 numbers so far...
Processed 512000 numbers so far...
Processed 513000 numbers so far...
Processed 514000 numbers so far...
Processed 515000 numbers so far...
Processed 516000 numbers so far...
Processed 517000 numbers so far...
Processed 518000 numbers so far...
Processed 519000 numbers so far...
Processed 520000 numbers so far...
Processed 521000 numbers so far...
Processed 522000 numbers so far...
Processed 523000 numbers so far...
Processed 524000 numbers so far...
Processed 525000 numbers so far...
Processed 526000 numbers so far...
Processed 527000 numbers so far...
Processed 528000 numbers so far...
Processed 529000 numbers so far...
Processed 530000 numbers so far...
Processed 531000 numbers so far...
Processed 532000 numbers so far...
Processed 533000 numbers so far...
Processed 534000 numbers so far...
Processed 535000 numbers so far...
Processed 536000 numbers so far...
Processed 537000 numbers so far...
Processed 538000 numbers so far...
Processed 539000 numbers so far...
Processed 540000 numbers so far...
Processed 541000 numbers so far...
Processed 542000 numbers so far...
Processed 543000 numbers so far...
Processed 544000 numbers so far...
Processed 545000 numbers so far...
Processed 546000 numbers so far...
Processed 547000 numbers so far...
Processed 548000 numbers so far...
Processed 549000 numbers so far...
Processed 550000 numbers so far...
Processed 551000 numbers so far...
Processed 552000 numbers so far...
Processed 553000 numbers so far...
Processed 554000 numbers so far...
Processed 555000 numbers so far...
Processed 556000 numbers so far...
Processed 557000 numbers so far...
Processed 558000 numbers so far...
Processed 559000 numbers so far...
Processed 560000 numbers so far...
Processed 561000 numbers so far...
Processed 562000 numbers so far...
Processing complete!
Total numbers processed: 562719
Numbers declared Prime by Miller-Rabin: 46279
Numbers confirmed Prime by AKS: 46279
Conflicts found (MR=Prime, AKS=Composite): 0 out of 562719 numbers (0%)
Total execution time: 24465.5 seconds
